createTicket.c(87): Нет рейсов с четной ценой. Билет не создан.	[MsgId: MMSG-17999]
createTicket.c(215): Нет рейсов с четной ценой. Билет не создан.	[MsgId: MMSG-17999]
createTicket.c(65): Error: Cannot start transaction "8.2.03.Choice_Flight". This Vuser already started a transaction with the same name, and has not yet processed the corresponding lr_end_transaction statement.	[MsgId: MERR-16993]
createTicket.c(65): Error: Cannot start transaction "8.2.03.Choice_Flight". This Vuser already started a transaction with the same name, and has not yet processed the corresponding lr_end_transaction statement.	[MsgId: MERR-16993]
createTicket.c(13): Error -26612: HTTP Status-Code=500 (Internal Server Error) for "http://localhost:1080/cgi-bin/reservations.pl?page=welcome"  	[MsgId: MERR-26612]
createTicket.c(215): Нет рейсов с четной ценой. Билет не создан.	[MsgId: MMSG-17999]
createTicket.c(65): Error: Cannot start transaction "8.2.03.Choice_Flight". This Vuser already started a transaction with the same name, and has not yet processed the corresponding lr_end_transaction statement.	[MsgId: MERR-16993]
createTicket.c(215): Нет рейсов с четной ценой. Билет не создан.	[MsgId: MMSG-17999]
createTicket.c(87): Нет рейсов с четной ценой. Билет не создан.	[MsgId: MMSG-17999]
createTicket.c(193): Error: Cannot start transaction "8.2.03.Choice_Flight". This Vuser already started a transaction with the same name, and has not yet processed the corresponding lr_end_transaction statement.	[MsgId: MERR-16993]
createTicket.c(65): Error: Cannot start transaction "8.2.03.Choice_Flight". This Vuser already started a transaction with the same name, and has not yet processed the corresponding lr_end_transaction statement.	[MsgId: MERR-16993]
createTicket.c(215): Нет рейсов с четной ценой. Билет не создан.	[MsgId: MMSG-17999]
createTicket.c(65): Error: Cannot start transaction "8.2.03.Choice_Flight". This Vuser already started a transaction with the same name, and has not yet processed the corresponding lr_end_transaction statement.	[MsgId: MERR-16993]
globals.h(31): Error -27792: Failed to connect to server "localhost:8086": [10061] Connection refused  	[MsgId: MERR-27792]
globals.h(31): Error -27792: Failed to connect to server "localhost:8086": [10061] Connection refused  	[MsgId: MERR-27792]
globals.h(31): Error -27792: Failed to connect to server "localhost:8086": [10061] Connection refused  	[MsgId: MERR-27792]
globals.h(31): Error -27792: Failed to connect to server "localhost:8086": [10061] Connection refused  	[MsgId: MERR-27792]
globals.h(31): Error -27792: Failed to connect to server "localhost:8086": [10061] Connection refused  	[MsgId: MERR-27792]
globals.h(31): Error -27792: Failed to connect to server "localhost:8086": [10061] Connection refused  	[MsgId: MERR-27792]
globals.h(31): Error -27792: Failed to connect to server "localhost:8086": [10061] Connection refused  	[MsgId: MERR-27792]
globals.h(31): Error -27792: Failed to connect to server "localhost:8086": [10061] Connection refused  	[MsgId: MERR-27792]
globals.h(31): Error -27792: Failed to connect to server "localhost:8086": [10061] Connection refused  	[MsgId: MERR-27792]
globals.h(31): Error -27792: Failed to connect to server "localhost:8086": [10061] Connection refused  	[MsgId: MERR-27792]
globals.h(31): Error -27792: Failed to connect to server "localhost:8086": [10061] Connection refused  	[MsgId: MERR-27792]
globals.h(31): Error -27792: Failed to connect to server "localhost:8086": [10061] Connection refused  	[MsgId: MERR-27792]
createTicket.c(13): Error -26612: HTTP Status-Code=500 (Internal Server Error) for "http://localhost:1080/cgi-bin/reservations.pl?page=welcome"  	[MsgId: MERR-26612]
globals.h(31): Error -27792: Failed to connect to server "localhost:8086": [10061] Connection refused  	[MsgId: MERR-27792]
globals.h(31): Error -27792: Failed to connect to server "localhost:8086": [10061] Connection refused  	[MsgId: MERR-27792]
globals.h(31): Error -27792: Failed to connect to server "localhost:8086": [10061] Connection refused  	[MsgId: MERR-27792]
globals.h(31): Error -27792: Failed to connect to server "localhost:8086": [10061] Connection refused  	[MsgId: MERR-27792]
globals.h(31): Error -27792: Failed to connect to server "localhost:8086": [10061] Connection refused  	[MsgId: MERR-27792]
createTicket.c(13): Error -26612: HTTP Status-Code=500 (Internal Server Error) for "http://localhost:1080/cgi-bin/nav.pl?page=menu&in=flights"  	[MsgId: MERR-26612]
globals.h(31): Error -27792: Failed to connect to server "localhost:8086": [10061] Connection refused  	[MsgId: MERR-27792]
globals.h(31): Error -27792: Failed to connect to server "localhost:8086": [10061] Connection refused  	[MsgId: MERR-27792]
globals.h(31): Error -27792: Failed to connect to server "localhost:8086": [10061] Connection refused  	[MsgId: MERR-27792]
